<?xml version="1.0" encoding="UTF-8"?>
<testsuite name="MainTest" tests="0" skipped="0" failures="0" errors="0" timestamp="1970-01-01T00:00:00" hostname="David-Herreras-MacBook-Pro-2.local" time="0.0">
  <properties/>
  <system-out><![CDATA[]]></system-out>
  <system-err><![CDATA[Error: Path to Matlab file filename1 filename2 -o outputfile.wasm -a '[sss']' does not exist, 
]]></system-err>
</testsuite>
